# JRE version: OpenJDK Runtime Environment (11.0.13) (build 11.0.13+0-b1751.21-8125866)
# Java VM: OpenJDK 64-Bit Server VM (11.0.13+0-b1751.21-8125866, mixed mode, tiered, compressed oops, g1 gc, windows-amd64)
Heap:
 garbage-first heap   total 155648K, used 55944K [0x0000000080000000, 0x0000000100000000)
  region size 1024K, 19 young (19456K), 2 survivors (2048K)
 Metaspace       used 39074K, capacity 40176K, committed 40392K, reserved 1085440K
  class space    used 5026K, capacity 5433K, committed 5504K, reserved 1048576K
GC Heap History (16 events):
Event: 0.415 GC heap before
{Heap before GC invocations=0 (full 0):
 garbage-first heap   total 129024K, used 16384K [0x0000000080000000, 0x0000000100000000)
  region size 1024K, 14 young (14336K), 0 survivors (0K)
 Metaspace       used 6740K, capacity 6929K, committed 7168K, reserved 1056768K
  class space    used 572K, capacity 650K, committed 768K, reserved 1048576K
}
Event: 0.420 GC heap after
{Heap after GC invocations=1 (full 0):
 garbage-first heap   total 129024K, used 4475K [0x0000000080000000, 0x0000000100000000)
  region size 1024K, 2 young (2048K), 2 survivors (2048K)
 Metaspace       used 6740K, capacity 6929K, committed 7168K, reserved 1056768K
  class space    used 572K, capacity 650K, committed 768K, reserved 1048576K
}
Event: 0.745 GC heap before
{Heap before GC invocations=1 (full 0):
 garbage-first heap   total 129024K, used 19835K [0x0000000080000000, 0x0000000100000000)
  region size 1024K, 14 young (14336K), 2 survivors (2048K)
 Metaspace       used 10254K, capacity 10557K, committed 10624K, reserved 1058816K
  class space    used 1053K, capacity 1139K, committed 1152K, reserved 1048576K
}
Event: 0.751 GC heap after
{Heap after GC invocations=2 (full 0):
 garbage-first heap   total 129024K, used 9721K [0x0000000080000000, 0x0000000100000000)
  region size 1024K, 2 young (2048K), 2 survivors (2048K)
 Metaspace       used 10254K, capacity 10557K, committed 10624K, reserved 1058816K
  class space    used 1053K, capacity 1139K, committed 1152K, reserved 1048576K
}
Event: 1.059 GC heap before
{Heap before GC invocations=2 (full 0):
 garbage-first heap   total 129024K, used 41465K [0x0000000080000000, 0x0000000100000000)
  region size 1024K, 33 young (33792K), 2 survivors (2048K)
 Metaspace       used 11248K, capacity 11512K, committed 11776K, reserved 1060864K
  class space    used 1153K, capacity 1244K, committed 1280K, reserved 1048576K
}
Event: 1.062 GC heap after
{Heap after GC invocations=3 (full 0):
 garbage-first heap   total 129024K, used 11769K [0x0000000080000000, 0x0000000100000000)
  region size 1024K, 4 young (4096K), 4 survivors (4096K)
 Metaspace       used 11248K, capacity 11512K, committed 11776K, reserved 1060864K
  class space    used 1153K, capacity 1244K, committed 1280K, reserved 1048576K
}
Event: 1.799 GC heap before
{Heap before GC invocations=3 (full 0):
 garbage-first heap   total 129024K, used 56825K [0x0000000080000000, 0x0000000100000000)
  region size 1024K, 48 young (49152K), 4 survivors (4096K)
 Metaspace       used 18062K, capacity 18506K, committed 18688K, reserved 1064960K
  class space    used 2115K, capacity 2228K, committed 2304K, reserved 1048576K
}
Event: 1.806 GC heap after
{Heap after GC invocations=4 (full 0):
 garbage-first heap   total 129024K, used 16507K [0x0000000080000000, 0x0000000100000000)
  region size 1024K, 6 young (6144K), 6 survivors (6144K)
 Metaspace       used 18062K, capacity 18506K, committed 18688K, reserved 1064960K
  class space    used 2115K, capacity 2228K, committed 2304K, reserved 1048576K
}
Event: 2.023 GC heap before
{Heap before GC invocations=4 (full 0):
 garbage-first heap   total 129024K, used 39035K [0x0000000080000000, 0x0000000100000000)
  region size 1024K, 29 young (29696K), 6 survivors (6144K)
 Metaspace       used 20678K, capacity 21158K, committed 21296K, reserved 1069056K
  class space    used 2512K, capacity 2665K, committed 2688K, reserved 1048576K
}
Event: 2.033 GC heap after
{Heap after GC invocations=5 (full 0):
 garbage-first heap   total 155648K, used 17742K [0x0000000080000000, 0x0000000100000000)
  region size 1024K, 1 young (1024K), 1 survivors (1024K)
 Metaspace       used 20678K, capacity 21158K, committed 21296K, reserved 1069056K
  class space    used 2512K, capacity 2665K, committed 2688K, reserved 1048576K
}
Event: 2.568 GC heap before
{Heap before GC invocations=6 (full 0):
 garbage-first heap   total 155648K, used 73038K [0x0000000080000000, 0x0000000100000000)
  region size 1024K, 55 young (56320K), 1 survivors (1024K)
 Metaspace       used 26653K, capacity 27370K, committed 27568K, reserved 1073152K
  class space    used 3470K, capacity 3725K, committed 3840K, reserved 1048576K
}
Event: 2.575 GC heap after
{Heap after GC invocations=7 (full 0):
 garbage-first heap   total 155648K, used 19835K [0x0000000080000000, 0x0000000100000000)
  region size 1024K, 3 young (3072K), 3 survivors (3072K)
 Metaspace       used 26653K, capacity 27370K, committed 27568K, reserved 1073152K
  class space    used 3470K, capacity 3725K, committed 3840K, reserved 1048576K
}
Event: 3.126 GC heap before
{Heap before GC invocations=7 (full 0):
 garbage-first heap   total 155648K, used 96635K [0x0000000080000000, 0x0000000100000000)
  region size 1024K, 65 young (66560K), 3 survivors (3072K)
 Metaspace       used 31744K, capacity 32721K, committed 32944K, reserved 1077248K
  class space    used 4240K, capacity 4608K, committed 4608K, reserved 1048576K
}
Event: 3.132 GC heap after
{Heap after GC invocations=8 (full 0):
 garbage-first heap   total 155648K, used 39208K [0x0000000080000000, 0x0000000100000000)
  region size 1024K, 8 young (8192K), 8 survivors (8192K)
 Metaspace       used 31744K, capacity 32721K, committed 32944K, reserved 1077248K
  class space    used 4240K, capacity 4608K, committed 4608K, reserved 1048576K
}
Event: 3.347 GC heap before
{Heap before GC invocations=8 (full 0):
 garbage-first heap   total 155648K, used 55592K [0x0000000080000000, 0x0000000100000000)
  region size 1024K, 25 young (25600K), 8 survivors (8192K)
 Metaspace       used 34599K, capacity 35562K, committed 35632K, reserved 1079296K
  class space    used 4586K, capacity 4958K, committed 4992K, reserved 1048576K
}
Event: 3.358 GC heap after
{Heap after GC invocations=9 (full 0):
 garbage-first heap   total 155648K, used 40584K [0x0000000080000000, 0x0000000100000000)
  region size 1024K, 2 young (2048K), 2 survivors (2048K)
 Metaspace       used 34599K, capacity 35562K, committed 35632K, reserved 1079296K
  class space    used 4586K, capacity 4958K, committed 4992K, reserved 1048576K
}

