# JRE version: OpenJDK Runtime Environment (11.0.13) (build 11.0.13+0-b1751.21-8125866)
# Java VM: OpenJDK 64-Bit Server VM (11.0.13+0-b1751.21-8125866, mixed mode, tiered, compressed oops, g1 gc, windows-amd64)
Heap:
 garbage-first heap   total 155648K, used 40851K [0x0000000080000000, 0x0000000100000000)
  region size 1024K, 2 young (2048K), 2 survivors (2048K)
 Metaspace       used 34893K, capacity 35888K, committed 35968K, reserved 1081344K
  class space    used 4603K, capacity 4960K, committed 4992K, reserved 1048576K
GC Heap History (11 events):
Event: 0.960 GC heap before
{Heap before GC invocations=0 (full 0):
 garbage-first heap   total 129024K, used 16384K [0x0000000080000000, 0x0000000100000000)
  region size 1024K, 14 young (14336K), 0 survivors (0K)
 Metaspace       used 6744K, capacity 6929K, committed 7168K, reserved 1056768K
  class space    used 572K, capacity 650K, committed 768K, reserved 1048576K
}
Event: 0.976 GC heap after
{Heap after GC invocations=1 (full 0):
 garbage-first heap   total 129024K, used 4222K [0x0000000080000000, 0x0000000100000000)
  region size 1024K, 2 young (2048K), 2 survivors (2048K)
 Metaspace       used 6744K, capacity 6929K, committed 7168K, reserved 1056768K
  class space    used 572K, capacity 650K, committed 768K, reserved 1048576K
}
Event: 2.435 GC heap before
{Heap before GC invocations=1 (full 0):
 garbage-first heap   total 129024K, used 82046K [0x0000000080000000, 0x0000000100000000)
  region size 1024K, 75 young (76800K), 2 survivors (2048K)
 Metaspace       used 16175K, capacity 16581K, committed 16896K, reserved 1064960K
  class space    used 1817K, capacity 1935K, committed 2048K, reserved 1048576K
}
Event: 2.446 GC heap after
{Heap after GC invocations=2 (full 0):
 garbage-first heap   total 129024K, used 15529K [0x0000000080000000, 0x0000000100000000)
  region size 1024K, 10 young (10240K), 10 survivors (10240K)
 Metaspace       used 16175K, capacity 16581K, committed 16896K, reserved 1064960K
  class space    used 1817K, capacity 1935K, committed 2048K, reserved 1048576K
}
Event: 2.729 GC heap before
{Heap before GC invocations=2 (full 0):
 garbage-first heap   total 129024K, used 52393K [0x0000000080000000, 0x0000000100000000)
  region size 1024K, 47 young (48128K), 10 survivors (10240K)
 Metaspace       used 20715K, capacity 21222K, committed 21296K, reserved 1069056K
  class space    used 2512K, capacity 2665K, committed 2688K, reserved 1048576K
}
Event: 2.739 GC heap after
{Heap after GC invocations=3 (full 0):
 garbage-first heap   total 129024K, used 17446K [0x0000000080000000, 0x0000000100000000)
  region size 1024K, 2 young (2048K), 2 survivors (2048K)
 Metaspace       used 20715K, capacity 21222K, committed 21296K, reserved 1069056K
  class space    used 2512K, capacity 2665K, committed 2688K, reserved 1048576K
}
Event: 3.213 GC heap before
{Heap before GC invocations=4 (full 0):
 garbage-first heap   total 129024K, used 72742K [0x0000000080000000, 0x0000000100000000)
  region size 1024K, 56 young (57344K), 2 survivors (2048K)
 Metaspace       used 26733K, capacity 27440K, committed 27648K, reserved 1073152K
  class space    used 3476K, capacity 3727K, committed 3840K, reserved 1048576K
}
Event: 3.219 GC heap after
{Heap after GC invocations=5 (full 0):
 garbage-first heap   total 129024K, used 19336K [0x0000000080000000, 0x0000000100000000)
  region size 1024K, 4 young (4096K), 4 survivors (4096K)
 Metaspace       used 26733K, capacity 27440K, committed 27648K, reserved 1073152K
  class space    used 3476K, capacity 3727K, committed 3840K, reserved 1048576K
}
Event: 3.709 GC heap before
{Heap before GC invocations=5 (full 0):
 garbage-first heap   total 129024K, used 93064K [0x0000000080000000, 0x0000000100000000)
  region size 1024K, 63 young (64512K), 4 survivors (4096K)
 Metaspace       used 31422K, capacity 32444K, committed 32768K, reserved 1077248K
  class space    used 4185K, capacity 4537K, committed 4608K, reserved 1048576K
}
Event: 3.717 GC heap after
{Heap after GC invocations=6 (full 0):
 garbage-first heap   total 129024K, used 38470K [0x0000000080000000, 0x0000000100000000)
  region size 1024K, 8 young (8192K), 8 survivors (8192K)
 Metaspace       used 31422K, capacity 32444K, committed 32768K, reserved 1077248K
  class space    used 4185K, capacity 4537K, committed 4608K, reserved 1048576K
}
Event: 3.968 GC heap before
{Heap before GC invocations=6 (full 0):
 garbage-first heap   total 129024K, used 57926K [0x0000000080000000, 0x0000000100000000)
  region size 1024K, 28 young (28672K), 8 survivors (8192K)
 Metaspace       used 34893K, capacity 35888K, committed 35968K, reserved 1081344K
  class space    used 4603K, capacity 4960K, committed 4992K, reserved 1048576K
}

