# JRE version: OpenJDK Runtime Environment (11.0.13) (build 11.0.13+0-b1751.21-8125866)
# Java VM: OpenJDK 64-Bit Server VM (11.0.13+0-b1751.21-8125866, mixed mode, tiered, compressed oops, g1 gc, windows-amd64)
Heap:
 garbage-first heap   total 155648K, used 46651K [0x0000000080000000, 0x0000000100000000)
  region size 1024K, 35 young (35840K), 6 survivors (6144K)
 Metaspace       used 23576K, capacity 24186K, committed 24448K, reserved 1071104K
  class space    used 2975K, capacity 3190K, committed 3200K, reserved 1048576K
GC Heap History (10 events):
Event: 0.373 GC heap before
{Heap before GC invocations=0 (full 0):
 garbage-first heap   total 129024K, used 16384K [0x0000000080000000, 0x0000000100000000)
  region size 1024K, 14 young (14336K), 0 survivors (0K)
 Metaspace       used 6731K, capacity 6925K, committed 7168K, reserved 1056768K
  class space    used 572K, capacity 650K, committed 768K, reserved 1048576K
}
Event: 0.377 GC heap after
{Heap after GC invocations=1 (full 0):
 garbage-first heap   total 129024K, used 4564K [0x0000000080000000, 0x0000000100000000)
  region size 1024K, 2 young (2048K), 2 survivors (2048K)
 Metaspace       used 6731K, capacity 6925K, committed 7168K, reserved 1056768K
  class space    used 572K, capacity 650K, committed 768K, reserved 1048576K
}
Event: 0.666 GC heap before
{Heap before GC invocations=1 (full 0):
 garbage-first heap   total 129024K, used 27092K [0x0000000080000000, 0x0000000100000000)
  region size 1024K, 21 young (21504K), 2 survivors (2048K)
 Metaspace       used 11068K, capacity 11379K, committed 11520K, reserved 1058816K
  class space    used 1150K, capacity 1244K, committed 1280K, reserved 1048576K
}
Event: 0.670 GC heap after
{Heap after GC invocations=2 (full 0):
 garbage-first heap   total 129024K, used 10122K [0x0000000080000000, 0x0000000100000000)
  region size 1024K, 3 young (3072K), 3 survivors (3072K)
 Metaspace       used 11068K, capacity 11379K, committed 11520K, reserved 1058816K
  class space    used 1150K, capacity 1244K, committed 1280K, reserved 1048576K
}
Event: 0.854 GC heap before
{Heap before GC invocations=2 (full 0):
 garbage-first heap   total 129024K, used 35722K [0x0000000080000000, 0x0000000100000000)
  region size 1024K, 28 young (28672K), 3 survivors (3072K)
 Metaspace       used 11251K, capacity 11508K, committed 11776K, reserved 1060864K
  class space    used 1152K, capacity 1244K, committed 1280K, reserved 1048576K
}
Event: 0.857 GC heap after
{Heap after GC invocations=3 (full 0):
 garbage-first heap   total 129024K, used 12248K [0x0000000080000000, 0x0000000100000000)
  region size 1024K, 3 young (3072K), 3 survivors (3072K)
 Metaspace       used 11251K, capacity 11508K, committed 11776K, reserved 1060864K
  class space    used 1152K, capacity 1244K, committed 1280K, reserved 1048576K
}
Event: 1.707 GC heap before
{Heap before GC invocations=3 (full 0):
 garbage-first heap   total 129024K, used 73688K [0x0000000080000000, 0x0000000100000000)
  region size 1024K, 63 young (64512K), 3 survivors (3072K)
 Metaspace       used 19946K, capacity 20410K, committed 20480K, reserved 1067008K
  class space    used 2413K, capacity 2523K, committed 2560K, reserved 1048576K
}
Event: 1.717 GC heap after
{Heap after GC invocations=4 (full 0):
 garbage-first heap   total 129024K, used 17367K [0x0000000080000000, 0x0000000100000000)
  region size 1024K, 8 young (8192K), 8 survivors (8192K)
 Metaspace       used 19946K, capacity 20410K, committed 20480K, reserved 1067008K
  class space    used 2413K, capacity 2523K, committed 2560K, reserved 1048576K
}
Event: 1.772 GC heap before
{Heap before GC invocations=4 (full 0):
 garbage-first heap   total 129024K, used 23511K [0x0000000080000000, 0x0000000100000000)
  region size 1024K, 15 young (15360K), 8 survivors (8192K)
 Metaspace       used 20700K, capacity 21154K, committed 21296K, reserved 1069056K
  class space    used 2510K, capacity 2665K, committed 2688K, reserved 1048576K
}
Event: 1.779 GC heap after
{Heap after GC invocations=5 (full 0):
 garbage-first heap   total 155648K, used 17979K [0x0000000080000000, 0x0000000100000000)
  region size 1024K, 6 young (6144K), 6 survivors (6144K)
 Metaspace       used 20700K, capacity 21154K, committed 21296K, reserved 1069056K
  class space    used 2510K, capacity 2665K, committed 2688K, reserved 1048576K
}

